21-03-2024 01:19:41 - WARNING - main: line 8 - Only_for_me: Game ini
21-03-2024 01:19:41 - INFO - game: line 103 - Chips class initializing
21-03-2024 01:19:41 - INFO - game: line 106 - Chips class initializing completed
21-03-2024 01:19:41 - INFO - game: line 113 - Adding money started
21-03-2024 01:19:41 - DEBUG - game: line 115 - New cycle started
21-03-2024 01:19:44 - INFO - game: line 128 - Adding money ended
21-03-2024 01:19:44 - INFO - game: line 34 - Desk class initializing
21-03-2024 01:19:44 - INFO - game: line 22 - Initializing Card class
21-03-2024 01:19:44 - INFO - game: line 25 - Card class initializing completed
21-03-2024 01:19:44 - INFO - game: line 22 - Initializing Card class
21-03-2024 01:19:44 - INFO - game: line 25 - Card class initializing completed
21-03-2024 01:19:44 - INFO - game: line 22 - Initializing Card class
21-03-2024 01:19:44 - INFO - game: line 25 - Card class initializing completed
21-03-2024 01:19:44 - INFO - game: line 22 - Initializing Card class
21-03-2024 01:19:44 - INFO - game: line 25 - Card class initializing completed
21-03-2024 01:19:44 - INFO - game: line 22 - Initializing Card class
21-03-2024 01:19:44 - INFO - game: line 25 - Card class initializing completed
21-03-2024 01:19:44 - INFO - game: line 22 - Initializing Card class
21-03-2024 01:19:44 - INFO - game: line 25 - Card class initializing completed
21-03-2024 01:19:44 - INFO - game: line 22 - Initializing Card class
21-03-2024 01:19:44 - INFO - game: line 25 - Card class initializing completed
21-03-2024 01:19:44 - INFO - game: line 22 - Initializing Card class
21-03-2024 01:19:44 - INFO - game: line 25 - Card class initializing completed
21-03-2024 01:19:44 - INFO - game: line 22 - Initializing Card class
21-03-2024 01:19:44 - INFO - game: line 25 - Card class initializing completed
21-03-2024 01:19:44 - INFO - game: line 22 - Initializing Card class
21-03-2024 01:19:44 - INFO - game: line 25 - Card class initializing completed
21-03-2024 01:19:44 - INFO - game: line 22 - Initializing Card class
21-03-2024 01:19:44 - INFO - game: line 25 - Card class initializing completed
21-03-2024 01:19:44 - INFO - game: line 22 - Initializing Card class
21-03-2024 01:19:44 - INFO - game: line 25 - Card class initializing completed
21-03-2024 01:19:44 - INFO - game: line 22 - Initializing Card class
21-03-2024 01:19:44 - INFO - game: line 25 - Card class initializing completed
21-03-2024 01:19:44 - INFO - game: line 22 - Initializing Card class
21-03-2024 01:19:44 - INFO - game: line 25 - Card class initializing completed
21-03-2024 01:19:44 - INFO - game: line 22 - Initializing Card class
21-03-2024 01:19:44 - INFO - game: line 25 - Card class initializing completed
21-03-2024 01:19:44 - INFO - game: line 22 - Initializing Card class
21-03-2024 01:19:44 - INFO - game: line 25 - Card class initializing completed
21-03-2024 01:19:44 - INFO - game: line 22 - Initializing Card class
21-03-2024 01:19:44 - INFO - game: line 25 - Card class initializing completed
21-03-2024 01:19:44 - INFO - game: line 22 - Initializing Card class
21-03-2024 01:19:44 - INFO - game: line 25 - Card class initializing completed
21-03-2024 01:19:44 - INFO - game: line 22 - Initializing Card class
21-03-2024 01:19:44 - INFO - game: line 25 - Card class initializing completed
21-03-2024 01:19:44 - INFO - game: line 22 - Initializing Card class
21-03-2024 01:19:44 - INFO - game: line 25 - Card class initializing completed
21-03-2024 01:19:44 - INFO - game: line 22 - Initializing Card class
21-03-2024 01:19:44 - INFO - game: line 25 - Card class initializing completed
21-03-2024 01:19:44 - INFO - game: line 22 - Initializing Card class
21-03-2024 01:19:44 - INFO - game: line 25 - Card class initializing completed
21-03-2024 01:19:44 - INFO - game: line 22 - Initializing Card class
21-03-2024 01:19:44 - INFO - game: line 25 - Card class initializing completed
21-03-2024 01:19:44 - INFO - game: line 22 - Initializing Card class
21-03-2024 01:19:44 - INFO - game: line 25 - Card class initializing completed
21-03-2024 01:19:44 - INFO - game: line 22 - Initializing Card class
21-03-2024 01:19:44 - INFO - game: line 25 - Card class initializing completed
21-03-2024 01:19:44 - INFO - game: line 22 - Initializing Card class
21-03-2024 01:19:44 - INFO - game: line 25 - Card class initializing completed
21-03-2024 01:19:44 - INFO - game: line 22 - Initializing Card class
21-03-2024 01:19:44 - INFO - game: line 25 - Card class initializing completed
21-03-2024 01:19:44 - INFO - game: line 22 - Initializing Card class
21-03-2024 01:19:44 - INFO - game: line 25 - Card class initializing completed
21-03-2024 01:19:44 - INFO - game: line 22 - Initializing Card class
21-03-2024 01:19:44 - INFO - game: line 25 - Card class initializing completed
21-03-2024 01:19:44 - INFO - game: line 22 - Initializing Card class
21-03-2024 01:19:44 - INFO - game: line 25 - Card class initializing completed
21-03-2024 01:19:44 - INFO - game: line 22 - Initializing Card class
21-03-2024 01:19:44 - INFO - game: line 25 - Card class initializing completed
21-03-2024 01:19:44 - INFO - game: line 22 - Initializing Card class
21-03-2024 01:19:44 - INFO - game: line 25 - Card class initializing completed
21-03-2024 01:19:44 - INFO - game: line 22 - Initializing Card class
21-03-2024 01:19:44 - INFO - game: line 25 - Card class initializing completed
21-03-2024 01:19:44 - INFO - game: line 22 - Initializing Card class
21-03-2024 01:19:44 - INFO - game: line 25 - Card class initializing completed
21-03-2024 01:19:44 - INFO - game: line 22 - Initializing Card class
21-03-2024 01:19:44 - INFO - game: line 25 - Card class initializing completed
21-03-2024 01:19:44 - INFO - game: line 22 - Initializing Card class
21-03-2024 01:19:44 - INFO - game: line 25 - Card class initializing completed
21-03-2024 01:19:44 - INFO - game: line 22 - Initializing Card class
21-03-2024 01:19:44 - INFO - game: line 25 - Card class initializing completed
21-03-2024 01:19:44 - INFO - game: line 22 - Initializing Card class
21-03-2024 01:19:44 - INFO - game: line 25 - Card class initializing completed
21-03-2024 01:19:44 - INFO - game: line 22 - Initializing Card class
21-03-2024 01:19:44 - INFO - game: line 25 - Card class initializing completed
21-03-2024 01:19:44 - INFO - game: line 22 - Initializing Card class
21-03-2024 01:19:44 - INFO - game: line 25 - Card class initializing completed
21-03-2024 01:19:44 - INFO - game: line 22 - Initializing Card class
21-03-2024 01:19:44 - INFO - game: line 25 - Card class initializing completed
21-03-2024 01:19:44 - INFO - game: line 22 - Initializing Card class
21-03-2024 01:19:44 - INFO - game: line 25 - Card class initializing completed
21-03-2024 01:19:44 - INFO - game: line 22 - Initializing Card class
21-03-2024 01:19:44 - INFO - game: line 25 - Card class initializing completed
21-03-2024 01:19:44 - INFO - game: line 22 - Initializing Card class
21-03-2024 01:19:44 - INFO - game: line 25 - Card class initializing completed
21-03-2024 01:19:44 - INFO - game: line 22 - Initializing Card class
21-03-2024 01:19:44 - INFO - game: line 25 - Card class initializing completed
21-03-2024 01:19:44 - INFO - game: line 22 - Initializing Card class
21-03-2024 01:19:44 - INFO - game: line 25 - Card class initializing completed
21-03-2024 01:19:44 - INFO - game: line 22 - Initializing Card class
21-03-2024 01:19:44 - INFO - game: line 25 - Card class initializing completed
21-03-2024 01:19:44 - INFO - game: line 22 - Initializing Card class
21-03-2024 01:19:44 - INFO - game: line 25 - Card class initializing completed
21-03-2024 01:19:44 - INFO - game: line 22 - Initializing Card class
21-03-2024 01:19:44 - INFO - game: line 25 - Card class initializing completed
21-03-2024 01:19:44 - INFO - game: line 22 - Initializing Card class
21-03-2024 01:19:44 - INFO - game: line 25 - Card class initializing completed
21-03-2024 01:19:44 - INFO - game: line 22 - Initializing Card class
21-03-2024 01:19:44 - INFO - game: line 25 - Card class initializing completed
21-03-2024 01:19:44 - INFO - game: line 22 - Initializing Card class
21-03-2024 01:19:44 - INFO - game: line 25 - Card class initializing completed
21-03-2024 01:19:44 - INFO - game: line 39 - Desk class initializing completed
21-03-2024 01:19:44 - INFO - game: line 51 - Cards are shuffled
21-03-2024 01:19:44 - INFO - game: line 63 - Hand class initializing
21-03-2024 01:19:44 - INFO - game: line 68 - Hand class initializing completed
21-03-2024 01:19:44 - INFO - game: line 63 - Hand class initializing
21-03-2024 01:19:44 - INFO - game: line 68 - Hand class initializing completed
21-03-2024 01:19:44 - INFO - game: line 131 - Making bet started
21-03-2024 01:19:48 - INFO - game: line 151 - Making bet completed
21-03-2024 01:19:48 - INFO - game: line 153 - Ended making bet cycle
21-03-2024 01:19:48 - INFO - game: line 79 - User asked to take one additional card
21-03-2024 01:19:48 - INFO - game: line 54 - Asked to give a card
21-03-2024 01:19:48 - INFO - game: line 56 - Card is given
21-03-2024 01:19:48 - INFO - game: line 83 - Card is taken
21-03-2024 01:19:48 - INFO - game: line 79 - User asked to take one additional card
21-03-2024 01:19:48 - INFO - game: line 54 - Asked to give a card
21-03-2024 01:19:48 - INFO - game: line 56 - Card is given
21-03-2024 01:19:48 - INFO - game: line 83 - Card is taken
21-03-2024 01:19:48 - INFO - game: line 79 - User asked to take one additional card
21-03-2024 01:19:48 - INFO - game: line 54 - Asked to give a card
21-03-2024 01:19:48 - INFO - game: line 56 - Card is given
21-03-2024 01:19:48 - INFO - game: line 83 - Card is taken
21-03-2024 01:19:48 - INFO - game: line 79 - User asked to take one additional card
21-03-2024 01:19:48 - INFO - game: line 54 - Asked to give a card
21-03-2024 01:19:48 - INFO - game: line 56 - Card is given
21-03-2024 01:19:48 - INFO - game: line 83 - Card is taken
21-03-2024 01:19:48 - INFO - main: line 52 - Only_for_me: WE ARE IN TAKE OR STOP CYCLE
21-03-2024 01:19:48 - DEBUG - game: line 87 - Checking for Aces cost: 1 or 11
21-03-2024 01:19:48 - DEBUG - game: line 97 - Checking for Aces cost completed
21-03-2024 01:19:52 - INFO - main: line 87 - DEALER FUNC IS STARTED
21-03-2024 01:19:52 - DEBUG - game: line 87 - Checking for Aces cost: 1 or 11
21-03-2024 01:19:52 - DEBUG - game: line 97 - Checking for Aces cost completed
21-03-2024 01:19:52 - INFO - game: line 79 - User asked to take one additional card
21-03-2024 01:19:52 - INFO - game: line 54 - Asked to give a card
21-03-2024 01:19:52 - INFO - game: line 56 - Card is given
21-03-2024 01:19:52 - INFO - game: line 83 - Card is taken
21-03-2024 01:19:52 - DEBUG - game: line 87 - Checking for Aces cost: 1 or 11
21-03-2024 01:19:52 - DEBUG - game: line 97 - Checking for Aces cost completed
21-03-2024 01:19:52 - INFO - game: line 79 - User asked to take one additional card
21-03-2024 01:19:52 - INFO - game: line 54 - Asked to give a card
21-03-2024 01:19:52 - INFO - game: line 56 - Card is given
21-03-2024 01:19:52 - INFO - game: line 83 - Card is taken
21-03-2024 01:19:52 - DEBUG - game: line 87 - Checking for Aces cost: 1 or 11
21-03-2024 01:19:52 - DEBUG - game: line 97 - Checking for Aces cost completed
21-03-2024 01:19:52 - INFO - game: line 79 - User asked to take one additional card
21-03-2024 01:19:52 - INFO - game: line 54 - Asked to give a card
21-03-2024 01:19:52 - INFO - game: line 56 - Card is given
21-03-2024 01:19:52 - INFO - game: line 83 - Card is taken
21-03-2024 01:19:52 - DEBUG - game: line 87 - Checking for Aces cost: 1 or 11
21-03-2024 01:19:52 - DEBUG - game: line 97 - Checking for Aces cost completed
21-03-2024 01:19:52 - INFO - game: line 79 - User asked to take one additional card
21-03-2024 01:19:52 - INFO - game: line 54 - Asked to give a card
21-03-2024 01:19:52 - INFO - game: line 56 - Card is given
21-03-2024 01:19:52 - INFO - game: line 83 - Card is taken
21-03-2024 01:19:52 - DEBUG - game: line 87 - Checking for Aces cost: 1 or 11
21-03-2024 01:19:52 - DEBUG - game: line 97 - Checking for Aces cost completed
21-03-2024 01:19:52 - INFO - main: line 96 - DEALER FUNC IS ENDED
21-03-2024 01:19:52 - WARNING - main: line 101 - FINAL OF THIS ROUND
21-03-2024 01:19:52 - WARNING - main: line 110 - USER WIN
21-03-2024 01:20:02 - WARNING - main: line 37 - Only_for_me: NEW GAME STARTED
21-03-2024 01:20:02 - INFO - game: line 34 - Desk class initializing
21-03-2024 01:20:02 - INFO - game: line 22 - Initializing Card class
21-03-2024 01:20:02 - INFO - game: line 25 - Card class initializing completed
21-03-2024 01:20:02 - INFO - game: line 22 - Initializing Card class
21-03-2024 01:20:02 - INFO - game: line 25 - Card class initializing completed
21-03-2024 01:20:02 - INFO - game: line 22 - Initializing Card class
21-03-2024 01:20:02 - INFO - game: line 25 - Card class initializing completed
21-03-2024 01:20:02 - INFO - game: line 22 - Initializing Card class
21-03-2024 01:20:02 - INFO - game: line 25 - Card class initializing completed
21-03-2024 01:20:02 - INFO - game: line 22 - Initializing Card class
21-03-2024 01:20:02 - INFO - game: line 25 - Card class initializing completed
21-03-2024 01:20:02 - INFO - game: line 22 - Initializing Card class
21-03-2024 01:20:02 - INFO - game: line 25 - Card class initializing completed
21-03-2024 01:20:02 - INFO - game: line 22 - Initializing Card class
21-03-2024 01:20:02 - INFO - game: line 25 - Card class initializing completed
21-03-2024 01:20:02 - INFO - game: line 22 - Initializing Card class
21-03-2024 01:20:02 - INFO - game: line 25 - Card class initializing completed
21-03-2024 01:20:02 - INFO - game: line 22 - Initializing Card class
21-03-2024 01:20:02 - INFO - game: line 25 - Card class initializing completed
21-03-2024 01:20:02 - INFO - game: line 22 - Initializing Card class
21-03-2024 01:20:02 - INFO - game: line 25 - Card class initializing completed
21-03-2024 01:20:02 - INFO - game: line 22 - Initializing Card class
21-03-2024 01:20:02 - INFO - game: line 25 - Card class initializing completed
21-03-2024 01:20:02 - INFO - game: line 22 - Initializing Card class
21-03-2024 01:20:02 - INFO - game: line 25 - Card class initializing completed
21-03-2024 01:20:02 - INFO - game: line 22 - Initializing Card class
21-03-2024 01:20:02 - INFO - game: line 25 - Card class initializing completed
21-03-2024 01:20:02 - INFO - game: line 22 - Initializing Card class
21-03-2024 01:20:02 - INFO - game: line 25 - Card class initializing completed
21-03-2024 01:20:02 - INFO - game: line 22 - Initializing Card class
21-03-2024 01:20:02 - INFO - game: line 25 - Card class initializing completed
21-03-2024 01:20:02 - INFO - game: line 22 - Initializing Card class
21-03-2024 01:20:02 - INFO - game: line 25 - Card class initializing completed
21-03-2024 01:20:02 - INFO - game: line 22 - Initializing Card class
21-03-2024 01:20:02 - INFO - game: line 25 - Card class initializing completed
21-03-2024 01:20:02 - INFO - game: line 22 - Initializing Card class
21-03-2024 01:20:02 - INFO - game: line 25 - Card class initializing completed
21-03-2024 01:20:02 - INFO - game: line 22 - Initializing Card class
21-03-2024 01:20:02 - INFO - game: line 25 - Card class initializing completed
21-03-2024 01:20:02 - INFO - game: line 22 - Initializing Card class
21-03-2024 01:20:02 - INFO - game: line 25 - Card class initializing completed
21-03-2024 01:20:02 - INFO - game: line 22 - Initializing Card class
21-03-2024 01:20:02 - INFO - game: line 25 - Card class initializing completed
21-03-2024 01:20:02 - INFO - game: line 22 - Initializing Card class
21-03-2024 01:20:02 - INFO - game: line 25 - Card class initializing completed
21-03-2024 01:20:02 - INFO - game: line 22 - Initializing Card class
21-03-2024 01:20:02 - INFO - game: line 25 - Card class initializing completed
21-03-2024 01:20:02 - INFO - game: line 22 - Initializing Card class
21-03-2024 01:20:02 - INFO - game: line 25 - Card class initializing completed
21-03-2024 01:20:02 - INFO - game: line 22 - Initializing Card class
21-03-2024 01:20:02 - INFO - game: line 25 - Card class initializing completed
21-03-2024 01:20:02 - INFO - game: line 22 - Initializing Card class
21-03-2024 01:20:02 - INFO - game: line 25 - Card class initializing completed
21-03-2024 01:20:02 - INFO - game: line 22 - Initializing Card class
21-03-2024 01:20:02 - INFO - game: line 25 - Card class initializing completed
21-03-2024 01:20:02 - INFO - game: line 22 - Initializing Card class
21-03-2024 01:20:02 - INFO - game: line 25 - Card class initializing completed
21-03-2024 01:20:02 - INFO - game: line 22 - Initializing Card class
21-03-2024 01:20:02 - INFO - game: line 25 - Card class initializing completed
21-03-2024 01:20:02 - INFO - game: line 22 - Initializing Card class
21-03-2024 01:20:02 - INFO - game: line 25 - Card class initializing completed
21-03-2024 01:20:02 - INFO - game: line 22 - Initializing Card class
21-03-2024 01:20:02 - INFO - game: line 25 - Card class initializing completed
21-03-2024 01:20:02 - INFO - game: line 22 - Initializing Card class
21-03-2024 01:20:02 - INFO - game: line 25 - Card class initializing completed
21-03-2024 01:20:02 - INFO - game: line 22 - Initializing Card class
21-03-2024 01:20:02 - INFO - game: line 25 - Card class initializing completed
21-03-2024 01:20:02 - INFO - game: line 22 - Initializing Card class
21-03-2024 01:20:02 - INFO - game: line 25 - Card class initializing completed
21-03-2024 01:20:02 - INFO - game: line 22 - Initializing Card class
21-03-2024 01:20:02 - INFO - game: line 25 - Card class initializing completed
21-03-2024 01:20:02 - INFO - game: line 22 - Initializing Card class
21-03-2024 01:20:02 - INFO - game: line 25 - Card class initializing completed
21-03-2024 01:20:02 - INFO - game: line 22 - Initializing Card class
21-03-2024 01:20:02 - INFO - game: line 25 - Card class initializing completed
21-03-2024 01:20:02 - INFO - game: line 22 - Initializing Card class
21-03-2024 01:20:02 - INFO - game: line 25 - Card class initializing completed
21-03-2024 01:20:02 - INFO - game: line 22 - Initializing Card class
21-03-2024 01:20:02 - INFO - game: line 25 - Card class initializing completed
21-03-2024 01:20:02 - INFO - game: line 22 - Initializing Card class
21-03-2024 01:20:02 - INFO - game: line 25 - Card class initializing completed
21-03-2024 01:20:02 - INFO - game: line 22 - Initializing Card class
21-03-2024 01:20:02 - INFO - game: line 25 - Card class initializing completed
21-03-2024 01:20:02 - INFO - game: line 22 - Initializing Card class
21-03-2024 01:20:02 - INFO - game: line 25 - Card class initializing completed
21-03-2024 01:20:02 - INFO - game: line 22 - Initializing Card class
21-03-2024 01:20:02 - INFO - game: line 25 - Card class initializing completed
21-03-2024 01:20:02 - INFO - game: line 22 - Initializing Card class
21-03-2024 01:20:02 - INFO - game: line 25 - Card class initializing completed
21-03-2024 01:20:02 - INFO - game: line 22 - Initializing Card class
21-03-2024 01:20:02 - INFO - game: line 25 - Card class initializing completed
21-03-2024 01:20:02 - INFO - game: line 22 - Initializing Card class
21-03-2024 01:20:02 - INFO - game: line 25 - Card class initializing completed
21-03-2024 01:20:02 - INFO - game: line 22 - Initializing Card class
21-03-2024 01:20:02 - INFO - game: line 25 - Card class initializing completed
21-03-2024 01:20:02 - INFO - game: line 22 - Initializing Card class
21-03-2024 01:20:02 - INFO - game: line 25 - Card class initializing completed
21-03-2024 01:20:02 - INFO - game: line 22 - Initializing Card class
21-03-2024 01:20:02 - INFO - game: line 25 - Card class initializing completed
21-03-2024 01:20:02 - INFO - game: line 22 - Initializing Card class
21-03-2024 01:20:02 - INFO - game: line 25 - Card class initializing completed
21-03-2024 01:20:02 - INFO - game: line 22 - Initializing Card class
21-03-2024 01:20:02 - INFO - game: line 25 - Card class initializing completed
21-03-2024 01:20:02 - INFO - game: line 22 - Initializing Card class
21-03-2024 01:20:02 - INFO - game: line 25 - Card class initializing completed
21-03-2024 01:20:02 - INFO - game: line 39 - Desk class initializing completed
21-03-2024 01:20:02 - INFO - game: line 51 - Cards are shuffled
21-03-2024 01:20:02 - INFO - game: line 63 - Hand class initializing
21-03-2024 01:20:02 - INFO - game: line 68 - Hand class initializing completed
21-03-2024 01:20:02 - INFO - game: line 63 - Hand class initializing
21-03-2024 01:20:02 - INFO - game: line 68 - Hand class initializing completed
21-03-2024 01:20:02 - INFO - game: line 131 - Making bet started
21-03-2024 01:20:04 - INFO - game: line 151 - Making bet completed
21-03-2024 01:20:04 - INFO - game: line 153 - Ended making bet cycle
21-03-2024 01:20:04 - INFO - game: line 79 - User asked to take one additional card
21-03-2024 01:20:04 - INFO - game: line 54 - Asked to give a card
21-03-2024 01:20:04 - INFO - game: line 56 - Card is given
21-03-2024 01:20:04 - INFO - game: line 83 - Card is taken
21-03-2024 01:20:04 - INFO - game: line 79 - User asked to take one additional card
21-03-2024 01:20:04 - INFO - game: line 54 - Asked to give a card
21-03-2024 01:20:04 - INFO - game: line 56 - Card is given
21-03-2024 01:20:04 - INFO - game: line 83 - Card is taken
21-03-2024 01:20:04 - INFO - game: line 79 - User asked to take one additional card
21-03-2024 01:20:04 - INFO - game: line 54 - Asked to give a card
21-03-2024 01:20:04 - INFO - game: line 56 - Card is given
21-03-2024 01:20:04 - INFO - game: line 83 - Card is taken
21-03-2024 01:20:04 - INFO - game: line 79 - User asked to take one additional card
21-03-2024 01:20:04 - INFO - game: line 54 - Asked to give a card
21-03-2024 01:20:04 - INFO - game: line 56 - Card is given
21-03-2024 01:20:04 - INFO - game: line 83 - Card is taken
21-03-2024 01:20:04 - INFO - main: line 52 - Only_for_me: WE ARE IN TAKE OR STOP CYCLE
21-03-2024 01:20:04 - DEBUG - game: line 87 - Checking for Aces cost: 1 or 11
21-03-2024 01:20:04 - DEBUG - game: line 97 - Checking for Aces cost completed
21-03-2024 01:20:06 - INFO - main: line 87 - DEALER FUNC IS STARTED
21-03-2024 01:20:06 - DEBUG - game: line 87 - Checking for Aces cost: 1 or 11
21-03-2024 01:20:06 - DEBUG - game: line 97 - Checking for Aces cost completed
21-03-2024 01:20:06 - INFO - main: line 96 - DEALER FUNC IS ENDED
21-03-2024 01:20:06 - WARNING - main: line 101 - FINAL OF THIS ROUND
21-03-2024 01:20:06 - WARNING - main: line 110 - USER WIN
21-03-2024 01:20:09 - WARNING - main: line 37 - Only_for_me: NEW GAME STARTED
21-03-2024 01:20:09 - INFO - game: line 34 - Desk class initializing
21-03-2024 01:20:09 - INFO - game: line 22 - Initializing Card class
21-03-2024 01:20:09 - INFO - game: line 25 - Card class initializing completed
21-03-2024 01:20:09 - INFO - game: line 22 - Initializing Card class
21-03-2024 01:20:09 - INFO - game: line 25 - Card class initializing completed
21-03-2024 01:20:09 - INFO - game: line 22 - Initializing Card class
21-03-2024 01:20:09 - INFO - game: line 25 - Card class initializing completed
21-03-2024 01:20:09 - INFO - game: line 22 - Initializing Card class
21-03-2024 01:20:09 - INFO - game: line 25 - Card class initializing completed
21-03-2024 01:20:09 - INFO - game: line 22 - Initializing Card class
21-03-2024 01:20:09 - INFO - game: line 25 - Card class initializing completed
21-03-2024 01:20:09 - INFO - game: line 22 - Initializing Card class
21-03-2024 01:20:09 - INFO - game: line 25 - Card class initializing completed
21-03-2024 01:20:09 - INFO - game: line 22 - Initializing Card class
21-03-2024 01:20:09 - INFO - game: line 25 - Card class initializing completed
21-03-2024 01:20:09 - INFO - game: line 22 - Initializing Card class
21-03-2024 01:20:09 - INFO - game: line 25 - Card class initializing completed
21-03-2024 01:20:09 - INFO - game: line 22 - Initializing Card class
21-03-2024 01:20:09 - INFO - game: line 25 - Card class initializing completed
21-03-2024 01:20:09 - INFO - game: line 22 - Initializing Card class
21-03-2024 01:20:09 - INFO - game: line 25 - Card class initializing completed
21-03-2024 01:20:09 - INFO - game: line 22 - Initializing Card class
21-03-2024 01:20:09 - INFO - game: line 25 - Card class initializing completed
21-03-2024 01:20:09 - INFO - game: line 22 - Initializing Card class
21-03-2024 01:20:09 - INFO - game: line 25 - Card class initializing completed
21-03-2024 01:20:09 - INFO - game: line 22 - Initializing Card class
21-03-2024 01:20:09 - INFO - game: line 25 - Card class initializing completed
21-03-2024 01:20:09 - INFO - game: line 22 - Initializing Card class
21-03-2024 01:20:09 - INFO - game: line 25 - Card class initializing completed
21-03-2024 01:20:09 - INFO - game: line 22 - Initializing Card class
21-03-2024 01:20:09 - INFO - game: line 25 - Card class initializing completed
21-03-2024 01:20:09 - INFO - game: line 22 - Initializing Card class
21-03-2024 01:20:09 - INFO - game: line 25 - Card class initializing completed
21-03-2024 01:20:09 - INFO - game: line 22 - Initializing Card class
21-03-2024 01:20:09 - INFO - game: line 25 - Card class initializing completed
21-03-2024 01:20:09 - INFO - game: line 22 - Initializing Card class
21-03-2024 01:20:09 - INFO - game: line 25 - Card class initializing completed
21-03-2024 01:20:09 - INFO - game: line 22 - Initializing Card class
21-03-2024 01:20:09 - INFO - game: line 25 - Card class initializing completed
21-03-2024 01:20:09 - INFO - game: line 22 - Initializing Card class
21-03-2024 01:20:09 - INFO - game: line 25 - Card class initializing completed
21-03-2024 01:20:09 - INFO - game: line 22 - Initializing Card class
21-03-2024 01:20:09 - INFO - game: line 25 - Card class initializing completed
21-03-2024 01:20:09 - INFO - game: line 22 - Initializing Card class
21-03-2024 01:20:09 - INFO - game: line 25 - Card class initializing completed
21-03-2024 01:20:09 - INFO - game: line 22 - Initializing Card class
21-03-2024 01:20:09 - INFO - game: line 25 - Card class initializing completed
21-03-2024 01:20:09 - INFO - game: line 22 - Initializing Card class
21-03-2024 01:20:09 - INFO - game: line 25 - Card class initializing completed
21-03-2024 01:20:09 - INFO - game: line 22 - Initializing Card class
21-03-2024 01:20:09 - INFO - game: line 25 - Card class initializing completed
21-03-2024 01:20:09 - INFO - game: line 22 - Initializing Card class
21-03-2024 01:20:09 - INFO - game: line 25 - Card class initializing completed
21-03-2024 01:20:09 - INFO - game: line 22 - Initializing Card class
21-03-2024 01:20:09 - INFO - game: line 25 - Card class initializing completed
21-03-2024 01:20:09 - INFO - game: line 22 - Initializing Card class
21-03-2024 01:20:09 - INFO - game: line 25 - Card class initializing completed
21-03-2024 01:20:09 - INFO - game: line 22 - Initializing Card class
21-03-2024 01:20:09 - INFO - game: line 25 - Card class initializing completed
21-03-2024 01:20:09 - INFO - game: line 22 - Initializing Card class
21-03-2024 01:20:09 - INFO - game: line 25 - Card class initializing completed
21-03-2024 01:20:09 - INFO - game: line 22 - Initializing Card class
21-03-2024 01:20:09 - INFO - game: line 25 - Card class initializing completed
21-03-2024 01:20:09 - INFO - game: line 22 - Initializing Card class
21-03-2024 01:20:09 - INFO - game: line 25 - Card class initializing completed
21-03-2024 01:20:09 - INFO - game: line 22 - Initializing Card class
21-03-2024 01:20:09 - INFO - game: line 25 - Card class initializing completed
21-03-2024 01:20:09 - INFO - game: line 22 - Initializing Card class
21-03-2024 01:20:09 - INFO - game: line 25 - Card class initializing completed
21-03-2024 01:20:09 - INFO - game: line 22 - Initializing Card class
21-03-2024 01:20:09 - INFO - game: line 25 - Card class initializing completed
21-03-2024 01:20:09 - INFO - game: line 22 - Initializing Card class
21-03-2024 01:20:09 - INFO - game: line 25 - Card class initializing completed
21-03-2024 01:20:09 - INFO - game: line 22 - Initializing Card class
21-03-2024 01:20:09 - INFO - game: line 25 - Card class initializing completed
21-03-2024 01:20:09 - INFO - game: line 22 - Initializing Card class
21-03-2024 01:20:09 - INFO - game: line 25 - Card class initializing completed
21-03-2024 01:20:09 - INFO - game: line 22 - Initializing Card class
21-03-2024 01:20:09 - INFO - game: line 25 - Card class initializing completed
21-03-2024 01:20:09 - INFO - game: line 22 - Initializing Card class
21-03-2024 01:20:09 - INFO - game: line 25 - Card class initializing completed
21-03-2024 01:20:09 - INFO - game: line 22 - Initializing Card class
21-03-2024 01:20:09 - INFO - game: line 25 - Card class initializing completed
21-03-2024 01:20:09 - INFO - game: line 22 - Initializing Card class
21-03-2024 01:20:09 - INFO - game: line 25 - Card class initializing completed
21-03-2024 01:20:09 - INFO - game: line 22 - Initializing Card class
21-03-2024 01:20:09 - INFO - game: line 25 - Card class initializing completed
21-03-2024 01:20:09 - INFO - game: line 22 - Initializing Card class
21-03-2024 01:20:09 - INFO - game: line 25 - Card class initializing completed
21-03-2024 01:20:09 - INFO - game: line 22 - Initializing Card class
21-03-2024 01:20:09 - INFO - game: line 25 - Card class initializing completed
21-03-2024 01:20:09 - INFO - game: line 22 - Initializing Card class
21-03-2024 01:20:09 - INFO - game: line 25 - Card class initializing completed
21-03-2024 01:20:09 - INFO - game: line 22 - Initializing Card class
21-03-2024 01:20:09 - INFO - game: line 25 - Card class initializing completed
21-03-2024 01:20:09 - INFO - game: line 22 - Initializing Card class
21-03-2024 01:20:09 - INFO - game: line 25 - Card class initializing completed
21-03-2024 01:20:09 - INFO - game: line 22 - Initializing Card class
21-03-2024 01:20:09 - INFO - game: line 25 - Card class initializing completed
21-03-2024 01:20:09 - INFO - game: line 22 - Initializing Card class
21-03-2024 01:20:09 - INFO - game: line 25 - Card class initializing completed
21-03-2024 01:20:09 - INFO - game: line 22 - Initializing Card class
21-03-2024 01:20:09 - INFO - game: line 25 - Card class initializing completed
21-03-2024 01:20:09 - INFO - game: line 22 - Initializing Card class
21-03-2024 01:20:09 - INFO - game: line 25 - Card class initializing completed
21-03-2024 01:20:09 - INFO - game: line 39 - Desk class initializing completed
21-03-2024 01:20:09 - INFO - game: line 51 - Cards are shuffled
21-03-2024 01:20:09 - INFO - game: line 63 - Hand class initializing
21-03-2024 01:20:09 - INFO - game: line 68 - Hand class initializing completed
21-03-2024 01:20:09 - INFO - game: line 63 - Hand class initializing
21-03-2024 01:20:09 - INFO - game: line 68 - Hand class initializing completed
21-03-2024 01:20:09 - INFO - game: line 131 - Making bet started
21-03-2024 01:20:12 - INFO - game: line 151 - Making bet completed
21-03-2024 01:20:12 - INFO - game: line 153 - Ended making bet cycle
21-03-2024 01:20:12 - INFO - game: line 79 - User asked to take one additional card
21-03-2024 01:20:12 - INFO - game: line 54 - Asked to give a card
21-03-2024 01:20:12 - INFO - game: line 56 - Card is given
21-03-2024 01:20:12 - INFO - game: line 83 - Card is taken
21-03-2024 01:20:12 - INFO - game: line 79 - User asked to take one additional card
21-03-2024 01:20:12 - INFO - game: line 54 - Asked to give a card
21-03-2024 01:20:12 - INFO - game: line 56 - Card is given
21-03-2024 01:20:12 - INFO - game: line 83 - Card is taken
21-03-2024 01:20:12 - INFO - game: line 79 - User asked to take one additional card
21-03-2024 01:20:12 - INFO - game: line 54 - Asked to give a card
21-03-2024 01:20:12 - INFO - game: line 56 - Card is given
21-03-2024 01:20:12 - INFO - game: line 83 - Card is taken
21-03-2024 01:20:12 - INFO - game: line 79 - User asked to take one additional card
21-03-2024 01:20:12 - INFO - game: line 54 - Asked to give a card
21-03-2024 01:20:12 - INFO - game: line 56 - Card is given
21-03-2024 01:20:12 - INFO - game: line 83 - Card is taken
21-03-2024 01:20:12 - INFO - main: line 52 - Only_for_me: WE ARE IN TAKE OR STOP CYCLE
21-03-2024 01:20:12 - DEBUG - game: line 87 - Checking for Aces cost: 1 or 11
21-03-2024 01:20:12 - DEBUG - game: line 97 - Checking for Aces cost completed
21-03-2024 01:20:16 - INFO - main: line 87 - DEALER FUNC IS STARTED
21-03-2024 01:20:16 - DEBUG - game: line 87 - Checking for Aces cost: 1 or 11
21-03-2024 01:20:16 - DEBUG - game: line 97 - Checking for Aces cost completed
21-03-2024 01:20:16 - INFO - main: line 96 - DEALER FUNC IS ENDED
21-03-2024 01:20:16 - WARNING - main: line 101 - FINAL OF THIS ROUND
21-03-2024 01:20:16 - WARNING - main: line 110 - USER WIN
